{"C:\\Users\\test1\\Desktop\\2020-vue\\8.unit\\1.qs.js": {"path":"C:\\Users\\test1\\Desktop\\2020-vue\\8.unit\\1.qs.js","statementMap":{"0":{"start":{"line":7,"column":16},"end":{"line":7,"column":18}},"1":{"start":{"line":8,"column":4},"end":{"line":16,"column":6}},"2":{"start":{"line":9,"column":20},"end":{"line":9,"column":40}},"3":{"start":{"line":10,"column":8},"end":{"line":14,"column":9}},"4":{"start":{"line":11,"column":12},"end":{"line":11,"column":44}},"5":{"start":{"line":13,"column":12},"end":{"line":13,"column":38}},"6":{"start":{"line":17,"column":4},"end":{"line":17,"column":15}},"7":{"start":{"line":22,"column":16},"end":{"line":22,"column":18}},"8":{"start":{"line":23,"column":4},"end":{"line":25,"column":5}},"9":{"start":{"line":24,"column":8},"end":{"line":24,"column":38}},"10":{"start":{"line":26,"column":4},"end":{"line":26,"column":24}}},"fnMap":{"0":{"name":"parser","decl":{"start":{"line":6,"column":16},"end":{"line":6,"column":22}},"loc":{"start":{"line":6,"column":27},"end":{"line":18,"column":1}},"line":6},"1":{"name":"(anonymous_1)","decl":{"start":{"line":8,"column":39},"end":{"line":8,"column":40}},"loc":{"start":{"line":8,"column":49},"end":{"line":16,"column":5}},"line":8},"2":{"name":"stringify","decl":{"start":{"line":21,"column":16},"end":{"line":21,"column":25}},"loc":{"start":{"line":21,"column":30},"end":{"line":27,"column":1}},"line":21}},"branchMap":{"0":{"loc":{"start":{"line":10,"column":8},"end":{"line":14,"column":9}},"type":"if","locations":[{"start":{"line":10,"column":8},"end":{"line":14,"column":9}},{"start":{"line":10,"column":8},"end":{"line":14,"column":9}}],"line":10}},"s":{"0":1,"1":1,"2":2,"3":2,"4":0,"5":2,"6":1,"7":1,"8":1,"9":2,"10":1},"f":{"0":1,"1":2,"2":1},"b":{"0":[0,2]},"_coverageSchema":"1a1c01bbd47fc00a2c39e90264f33305004495a9","hash":"2ff60c9ae7337912f35a3cbc61603cf7a51dc123"}
,"C:\\Users\\test1\\Desktop\\2020-vue\\8.unit\\2.dom.js": {"path":"C:\\Users\\test1\\Desktop\\2020-vue\\8.unit\\2.dom.js","statementMap":{"0":{"start":{"line":8,"column":4},"end":{"line":8,"column":38}}},"fnMap":{"0":{"name":"removeNode","decl":{"start":{"line":7,"column":16},"end":{"line":7,"column":26}},"loc":{"start":{"line":7,"column":32},"end":{"line":9,"column":1}},"line":7}},"branchMap":{},"s":{"0":1},"f":{"0":1},"b":{},"_coverageSchema":"1a1c01bbd47fc00a2c39e90264f33305004495a9","hash":"48bbc9225b71b825750eaec013b4737809f2fb8c"}
,"C:\\Users\\test1\\Desktop\\2020-vue\\8.unit\\3.async.js": {"path":"C:\\Users\\test1\\Desktop\\2020-vue\\8.unit\\3.async.js","statementMap":{"0":{"start":{"line":9,"column":4},"end":{"line":11,"column":13}},"1":{"start":{"line":10,"column":8},"end":{"line":10,"column":27}}},"fnMap":{"0":{"name":"getData","decl":{"start":{"line":8,"column":16},"end":{"line":8,"column":23}},"loc":{"start":{"line":8,"column":28},"end":{"line":12,"column":1}},"line":8},"1":{"name":"(anonymous_1)","decl":{"start":{"line":9,"column":16},"end":{"line":9,"column":17}},"loc":{"start":{"line":9,"column":22},"end":{"line":11,"column":5}},"line":9}},"branchMap":{},"s":{"0":1,"1":1},"f":{"0":1,"1":1},"b":{},"_coverageSchema":"1a1c01bbd47fc00a2c39e90264f33305004495a9","hash":"7f89b0eacd4001cd92b5f7682cb98c245ff1e8d5"}
,"C:\\Users\\test1\\Desktop\\2020-vue\\8.unit\\4.ajax.js": {"path":"C:\\Users\\test1\\Desktop\\2020-vue\\8.unit\\4.ajax.js","statementMap":{"0":{"start":{"line":3,"column":4},"end":{"line":3,"column":29}},"1":{"start":{"line":6,"column":4},"end":{"line":6,"column":30}},"2":{"start":{"line":9,"column":4},"end":{"line":9,"column":33}},"3":{"start":{"line":12,"column":4},"end":{"line":12,"column":14}}},"fnMap":{"0":{"name":"getList","decl":{"start":{"line":2,"column":16},"end":{"line":2,"column":23}},"loc":{"start":{"line":2,"column":26},"end":{"line":4,"column":1}},"line":2},"1":{"name":"getData","decl":{"start":{"line":5,"column":16},"end":{"line":5,"column":23}},"loc":{"start":{"line":5,"column":26},"end":{"line":7,"column":1}},"line":5},"2":{"name":"getUrl","decl":{"start":{"line":8,"column":16},"end":{"line":8,"column":22}},"loc":{"start":{"line":8,"column":25},"end":{"line":10,"column":1}},"line":8},"3":{"name":"sum","decl":{"start":{"line":11,"column":16},"end":{"line":11,"column":19}},"loc":{"start":{"line":11,"column":24},"end":{"line":13,"column":1}},"line":11}},"branchMap":{},"s":{"0":1,"1":1,"2":0,"3":0},"f":{"0":1,"1":1,"2":0,"3":0},"b":{},"_coverageSchema":"1a1c01bbd47fc00a2c39e90264f33305004495a9","hash":"e6e9c712648275b2b86c7eab0f88a945961bb35c"}
}
