TN:
SF:1.qs.js
FN:6,parser
FN:8,(anonymous_1)
FN:21,stringify
FNF:3
FNH:3
FNDA:1,parser
FNDA:2,(anonymous_1)
FNDA:1,stringify
DA:7,1
DA:8,1
DA:9,2
DA:10,2
DA:11,0
DA:13,2
DA:17,1
DA:22,1
DA:23,1
DA:24,2
DA:26,1
LF:11
LH:10
BRDA:10,0,0,0
BRDA:10,0,1,2
BRF:2
BRH:1
end_of_record
TN:
SF:2.dom.js
FN:7,removeNode
FNF:1
FNH:1
FNDA:1,removeNode
DA:8,1
LF:1
LH:1
BRF:0
BRH:0
end_of_record
TN:
SF:3.async.js
FN:8,getData
FN:9,(anonymous_1)
FNF:2
FNH:2
FNDA:1,getData
FNDA:1,(anonymous_1)
DA:9,1
DA:10,1
LF:2
LH:2
BRF:0
BRH:0
end_of_record
TN:
SF:4.ajax.js
FN:2,getList
FN:5,getData
FN:8,getUrl
FN:11,sum
FNF:4
FNH:2
FNDA:1,getList
FNDA:1,getData
FNDA:0,getUrl
FNDA:0,sum
DA:3,1
DA:6,1
DA:9,0
DA:12,0
LF:4
LH:2
BRF:0
BRH:0
end_of_record
